[15:06:26] [Server thread/INFO]: Stopping the server
[15:06:26] [Server thread/INFO]: Stopping server
[15:06:26] [Server thread/INFO]: Disabling EssentialsSpawn v2.21.2
[15:06:26] [Server thread/INFO]: [Parkour] Disabling Parkour v6.6
[15:06:26] [Server thread/INFO]: [Parkour] Disabled Parkour v6.6
[15:06:26] [Server thread/INFO]: Disabling EssentialsChat v2.21.2
[15:06:26] [Server thread/INFO]: Disabling Essentials v2.21.2
[15:06:26] [Server thread/INFO]: [Vault][Economy] Essentials Economy unhooked.
[15:06:26] [Server thread/INFO]: [Multiverse-Core] Disabling Multiverse-Core v2.5-b699
[15:06:26] [Server thread/INFO]: [InstaSpawn] Disabling InstaSpawn v1.9.2
[15:06:26] [Server thread/INFO]: [HypixelTNT] Disabling HypixelTNT v1.0
[15:06:26] [Server thread/INFO]: [ServersNPC] Disabling ServersNPC v5.2
[15:06:26] [Server thread/INFO]: [Vault] Disabling Vault v1.5.5-b47
[15:06:26] [Server thread/INFO]: [HolographicDisplays] Disabling HolographicDisplays v3.0.4
[15:06:26] [Server thread/INFO]: [AntiBuild] Disabling AntiBuild v2.9.2
[15:06:26] [Server thread/INFO]: [NoteBlockAPI] Disabling NoteBlockAPI v1.6.3
[15:06:26] [Server thread/INFO]: [bouncyTNT] Disabling bouncyTNT v1.0-SNAPSHOT
[15:06:26] [Server thread/INFO]: [SimpleScore] Disabling SimpleScore v3.12.5
[15:06:26] [Server thread/INFO]: [VoidGen] Disabling VoidGen v2.2.1
[15:06:26] [Server thread/INFO]: [LuckPerms] Disabling LuckPerms v5.5.0
[15:06:26] [Server thread/INFO]: [LuckPerms] Starting shutdown process...
[15:06:26] [Server thread/INFO]: [LuckPerms] Closing storage...
[15:06:26] [Server thread/INFO]: [LuckPerms] Goodbye!
[15:06:26] [Server thread/INFO]: Saving players
[15:06:27] [Server thread/INFO]: Saving worlds
[15:06:27] [Server thread/INFO]: Saving chunks for level 'world'/Overworld
[15:06:27] [Server thread/INFO]: Saving chunks for level 'world_nether'/Nether
[15:06:27] [Server thread/INFO]: Saving chunks for level 'world_the_end'/The End
[15:06:27] [Server thread/INFO]: Saving chunks for level 'voidworld'/Overworld
